[0517/074122:ERROR:process_reader_win.cc(98)] process 3812 not found
[0517/074122:ERROR:process_reader_win.cc(232)] ReadMemory at 0x1390000 of 64 bytes failed: 仅完成部分的 ReadProcessMemory 或 WriteProcessMemory 请求。 (0x12B)
[0517/074122:WARNING:pe_image_reader.cc(280)] could not read dos header from C:\Program Files (x86)\Google\Chrome\Application\chrome.exe
[0517/074122:ERROR:process_reader_win.cc(232)] ReadMemory at 0x77d20000 of 64 bytes failed: 仅完成部分的 ReadProcessMemory 或 WriteProcessMemory 请求。 (0x12B)
[0517/074122:WARNING:pe_image_reader.cc(280)] could not read dos header from C:\WINDOWS\SYSTEM32\ntdll.dll
[0517/074122:ERROR:process_reader_win.cc(232)] ReadMemory at 0x74900000 of 64 bytes failed: 仅完成部分的 ReadProcessMemory 或 WriteProcessMemory 请求。 (0x12B)
[0517/074122:WARNING:pe_image_reader.cc(280)] could not read dos header from C:\WINDOWS\SYSTEM32\KERNELBASE.dll
[0517/074122:ERROR:process_reader_win.cc(232)] ReadMemory at 0x76eb0000 of 64 bytes failed: 仅完成部分的 ReadProcessMemory 或 WriteProcessMemory 请求。 (0x12B)
[0517/074122:WARNING:pe_image_reader.cc(280)] could not read dos header from C:\WINDOWS\SYSTEM32\KERNEL32.DLL
[0517/074122:ERROR:process_reader_win.cc(232)] ReadMemory at 0x70980000 of 64 bytes failed: 仅完成部分的 ReadProcessMemory 或 WriteProcessMemory 请求。 (0x12B)
[0517/074122:WARNING:pe_image_reader.cc(280)] could not read dos header from C:\WINDOWS\system32\apphelp.dll
[0517/074122:ERROR:process_reader_win.cc(232)] ReadMemory at 0x75ff0000 of 64 bytes failed: 仅完成部分的 ReadProcessMemory 或 WriteProcessMemory 请求。 (0x12B)
[0517/074122:WARNING:pe_image_reader.cc(280)] could not read dos header from C:\WINDOWS\SYSTEM32\msvcrt.dll
[0517/074122:ERROR:process_reader_win.cc(232)] ReadMemory at 0x76140000 of 64 bytes failed: 仅完成部分的 ReadProcessMemory 或 WriteProcessMemory 请求。 (0x12B)
[0517/074122:WARNING:pe_image_reader.cc(280)] could not read dos header from C:\WINDOWS\SYSTEM32\bcryptPrimitives.dll
[0517/074122:ERROR:process_reader_win.cc(232)] ReadMemory at 0x75fc0000 of 64 bytes failed: 仅完成部分的 ReadProcessMemory 或 WriteProcessMemory 请求。 (0x12B)
[0517/074122:WARNING:pe_image_reader.cc(280)] could not read dos header from C:\WINDOWS\SYSTEM32\CRYPTBASE.dll
[0517/074122:ERROR:process_reader_win.cc(232)] ReadMemory at 0x75fd0000 of 64 bytes failed: 仅完成部分的 ReadProcessMemory 或 WriteProcessMemory 请求。 (0x12B)
[0517/074122:WARNING:pe_image_reader.cc(280)] could not read dos header from C:\WINDOWS\SYSTEM32\SspiCli.dll
[0517/074122:ERROR:process_reader_win.cc(232)] ReadMemory at 0x76d20000 of 64 bytes failed: 仅完成部分的 ReadProcessMemory 或 WriteProcessMemory 请求。 (0x12B)
[0517/074122:WARNING:pe_image_reader.cc(280)] could not read dos header from C:\WINDOWS\SYSTEM32\RPCRT4.dll
[0517/074122:ERROR:process_reader_win.cc(232)] ReadMemory at 0x765a0000 of 64 bytes failed: 仅完成部分的 ReadProcessMemory 或 WriteProcessMemory 请求。 (0x12B)
[0517/074122:WARNING:pe_image_reader.cc(280)] could not read dos header from C:\WINDOWS\SYSTEM32\sechost.dll
[0517/074122:ERROR:process_reader_win.cc(232)] ReadMemory at 0x760b0000 of 64 bytes failed: 仅完成部分的 ReadProcessMemory 或 WriteProcessMemory 请求。 (0x12B)
[0517/074122:WARNING:pe_image_reader.cc(280)] could not read dos header from C:\WINDOWS\SYSTEM32\ADVAPI32.dll
[0517/074122:ERROR:process_reader_win.cc(232)] ReadMemory at 0x6e740000 of 64 bytes failed: 仅完成部分的 ReadProcessMemory 或 WriteProcessMemory 请求。 (0x12B)
[0517/074122:WARNING:pe_image_reader.cc(280)] could not read dos header from C:\Program Files (x86)\Google\Chrome\Application\49.0.2623.87\chrome_elf.dll
[0517/074122:ERROR:process_reader_win.cc(232)] ReadMemory at 0x73b70000 of 64 bytes failed: 仅完成部分的 ReadProcessMemory 或 WriteProcessMemory 请求。 (0x12B)
[0517/074122:WARNING:pe_image_reader.cc(280)] could not read dos header from C:\WINDOWS\SYSTEM32\WINHTTP.dll
[0517/074122:ERROR:process_reader_win.cc(232)] ReadMemory at 0x75f80000 of 64 bytes failed: 仅完成部分的 ReadProcessMemory 或 WriteProcessMemory 请求。 (0x12B)
[0517/074122:WARNING:pe_image_reader.cc(280)] could not read dos header from C:\WINDOWS\SYSTEM32\VERSION.dll
[0517/074122:ERROR:process_reader_win.cc(232)] ReadMemory at 0x771f0000 of 64 bytes failed: 仅完成部分的 ReadProcessMemory 或 WriteProcessMemory 请求。 (0x12B)
[0517/074122:WARNING:pe_image_reader.cc(280)] could not read dos header from C:\WINDOWS\SYSTEM32\cfgmgr32.dll
[0517/074122:ERROR:process_reader_win.cc(232)] ReadMemory at 0x743f0000 of 64 bytes failed: 仅完成部分的 ReadProcessMemory 或 WriteProcessMemory 请求。 (0x12B)
[0517/074122:WARNING:pe_image_reader.cc(280)] could not read dos header from C:\WINDOWS\SYSTEM32\WINMMBASE.dll
[0517/074122:ERROR:process_reader_win.cc(232)] ReadMemory at 0x77040000 of 64 bytes failed: 仅完成部分的 ReadProcessMemory 或 WriteProcessMemory 请求。 (0x12B)
[0517/074122:WARNING:pe_image_reader.cc(280)] could not read dos header from C:\WINDOWS\SYSTEM32\GDI32.dll
[0517/074122:ERROR:process_reader_win.cc(232)] ReadMemory at 0x772c0000 of 64 bytes failed: 仅完成部分的 ReadProcessMemory 或 WriteProcessMemory 请求。 (0x12B)
[0517/074122:WARNING:pe_image_reader.cc(280)] could not read dos header from C:\WINDOWS\SYSTEM32\USER32.dll
[0517/074122:ERROR:process_reader_win.cc(232)] ReadMemory at 0x77410000 of 64 bytes failed: 仅完成部分的 ReadProcessMemory 或 WriteProcessMemory 请求。 (0x12B)
[0517/074122:WARNING:pe_image_reader.cc(280)] could not read dos header from C:\WINDOWS\SYSTEM32\IMM32.DLL
[0517/074122:ERROR:process_reader_win.cc(232)] ReadMemory at 0x74420000 of 64 bytes failed: 仅完成部分的 ReadProcessMemory 或 WriteProcessMemory 请求。 (0x12B)
[0517/074122:WARNING:pe_image_reader.cc(280)] could not read dos header from C:\WINDOWS\SYSTEM32\WINMM.dll
[0517/074122:ERROR:process_reader_win.cc(232)] ReadMemory at 0x76f90000 of 64 bytes failed: 仅完成部分的 ReadProcessMemory 或 WriteProcessMemory 请求。 (0x12B)
[0517/074122:WARNING:pe_image_reader.cc(280)] could not read dos header from C:\WINDOWS\SYSTEM32\profapi.dll
[0517/074122:ERROR:process_reader_win.cc(232)] ReadMemory at 0x75f90000 of 64 bytes failed: 仅完成部分的 ReadProcessMemory 或 WriteProcessMemory 请求。 (0x12B)
[0517/074122:WARNING:pe_image_reader.cc(280)] could not read dos header from C:\WINDOWS\SYSTEM32\USERENV.dll
[0517/074122:ERROR:process_reader_win.cc(232)] ReadMemory at 0x75fb0000 of 64 bytes failed: 仅完成部分的 ReadProcessMemory 或 WriteProcessMemory 请求。 (0x12B)
[0517/074122:WARNING:pe_image_reader.cc(280)] could not read dos header from C:\WINDOWS\SYSTEM32\WTSAPI32.dll
[0517/074122:ERROR:process_reader_win.cc(232)] ReadMemory at 0x72920000 of 64 bytes failed: 仅完成部分的 ReadProcessMemory 或 WriteProcessMemory 请求。 (0x12B)
[0517/074122:WARNING:pe_image_reader.cc(280)] could not read dos header from C:\WINDOWS\SYSTEM32\dbghelp.dll
[0517/074122:ERROR:process_reader_win.cc(232)] ReadMemory at 0x728f0000 of 64 bytes failed: 仅完成部分的 ReadProcessMemory 或 WriteProcessMemory 请求。 (0x12B)
[0517/074122:WARNING:pe_image_reader.cc(280)] could not read dos header from C:\WINDOWS\SYSTEM32\dbgcore.DLL
[0517/074122:ERROR:process_reader_win.cc(232)] ReadMemory at 0x765f0000 of 64 bytes failed: 仅完成部分的 ReadProcessMemory 或 WriteProcessMemory 请求。 (0x12B)
[0517/074122:WARNING:pe_image_reader.cc(280)] could not read dos header from C:\WINDOWS\SYSTEM32\combase.dll
[0517/074122:ERROR:process_reader_win.cc(232)] ReadMemory at 0x774d0000 of 64 bytes failed: 仅完成部分的 ReadProcessMemory 或 WriteProcessMemory 请求。 (0x12B)
[0517/074122:WARNING:pe_image_reader.cc(280)] could not read dos header from C:\WINDOWS\SYSTEM32\shlwapi.dll
[0517/074122:ERROR:process_reader_win.cc(232)] ReadMemory at 0x76130000 of 64 bytes failed: 仅完成部分的 ReadProcessMemory 或 WriteProcessMemory 请求。 (0x12B)
[0517/074122:WARNING:pe_image_reader.cc(280)] could not read dos header from C:\WINDOWS\SYSTEM32\kernel.appcore.dll
[0517/074122:ERROR:process_reader_win.cc(232)] ReadMemory at 0x77230000 of 64 bytes failed: 仅完成部分的 ReadProcessMemory 或 WriteProcessMemory 请求。 (0x12B)
[0517/074122:WARNING:pe_image_reader.cc(280)] could not read dos header from C:\WINDOWS\SYSTEM32\shcore.dll
[0517/074122:ERROR:process_reader_win.cc(232)] ReadMemory at 0x76e60000 of 64 bytes failed: 仅完成部分的 ReadProcessMemory 或 WriteProcessMemory 请求。 (0x12B)
[0517/074122:WARNING:pe_image_reader.cc(280)] could not read dos header from C:\WINDOWS\SYSTEM32\powrprof.dll
[0517/074122:ERROR:process_reader_win.cc(232)] ReadMemory at 0x77820000 of 64 bytes failed: 仅完成部分的 ReadProcessMemory 或 WriteProcessMemory 请求。 (0x12B)
[0517/074122:WARNING:pe_image_reader.cc(280)] could not read dos header from C:\WINDOWS\SYSTEM32\windows.storage.dll
[0517/074122:ERROR:process_reader_win.cc(232)] ReadMemory at 0x74a80000 of 64 bytes failed: 仅完成部分的 ReadProcessMemory 或 WriteProcessMemory 请求。 (0x12B)
[0517/074122:WARNING:pe_image_reader.cc(280)] could not read dos header from C:\WINDOWS\SYSTEM32\SHELL32.dll
[0517/074122:ERROR:process_reader_win.cc(232)] ReadMemory at 0x77730000 of 64 bytes failed: 仅完成部分的 ReadProcessMemory 或 WriteProcessMemory 请求。 (0x12B)
[0517/074122:WARNING:pe_image_reader.cc(280)] could not read dos header from C:\WINDOWS\SYSTEM32\ole32.dll
[0517/074122:ERROR:process_reader_win.cc(232)] ReadMemory at 0x77520000 of 64 bytes failed: 仅完成部分的 ReadProcessMemory 或 WriteProcessMemory 请求。 (0x12B)
[0517/074122:WARNING:pe_image_reader.cc(280)] could not read dos header from C:\WINDOWS\SYSTEM32\OLEAUT32.dll
[0517/074122:ERROR:process_reader_win.cc(232)] ReadMemory at 0x77440000 of 64 bytes failed: 仅完成部分的 ReadProcessMemory 或 WriteProcessMemory 请求。 (0x12B)
[0517/074122:WARNING:pe_image_reader.cc(280)] could not read dos header from C:\WINDOWS\SYSTEM32\PSAPI.DLL
[0517/074122:ERROR:process_reader_win.cc(232)] ReadMemory at 0x77460000 of 64 bytes failed: 仅完成部分的 ReadProcessMemory 或 WriteProcessMemory 请求。 (0x12B)
[0517/074122:WARNING:pe_image_reader.cc(280)] could not read dos header from C:\WINDOWS\SYSTEM32\WS2_32.dll
[0517/074122:ERROR:process_reader_win.cc(232)] ReadMemory at 0x763f0000 of 64 bytes failed: 仅完成部分的 ReadProcessMemory 或 WriteProcessMemory 请求。 (0x12B)
[0517/074122:WARNING:pe_image_reader.cc(280)] could not read dos header from C:\WINDOWS\SYSTEM32\NETAPI32.dll
[0517/074122:ERROR:process_reader_win.cc(232)] ReadMemory at 0x75f60000 of 64 bytes failed: 仅完成部分的 ReadProcessMemory 或 WriteProcessMemory 请求。 (0x12B)
[0517/074122:WARNING:pe_image_reader.cc(280)] could not read dos header from C:\WINDOWS\SYSTEM32\NETUTILS.DLL
[0517/074122:ERROR:process_reader_win.cc(232)] ReadMemory at 0x72c60000 of 64 bytes failed: 仅完成部分的 ReadProcessMemory 或 WriteProcessMemory 请求。 (0x12B)
[0517/074122:WARNING:pe_image_reader.cc(280)] could not read dos header from C:\WINDOWS\SYSTEM32\bcrypt.dll
[0517/074122:ERROR:process_reader_win.cc(232)] ReadMemory at 0x72ed0000 of 64 bytes failed: 仅完成部分的 ReadProcessMemory 或 WriteProcessMemory 请求。 (0x12B)
[0517/074122:WARNING:pe_image_reader.cc(280)] could not read dos header from C:\WINDOWS\SYSTEM32\WKSCLI.DLL
[0517/074122:ERROR:process_reader_win.cc(232)] ReadMemory at 0x732e0000 of 64 bytes failed: 仅完成部分的 ReadProcessMemory 或 WriteProcessMemory 请求。 (0x12B)
[0517/074122:WARNING:pe_image_reader.cc(280)] could not read dos header from C:\Program Files (x86)\360\360safe\safemon\safemon.dll
[0517/074122:ERROR:process_reader_win.cc(232)] ReadMemory at 0x6c040000 of 64 bytes failed: 仅完成部分的 ReadProcessMemory 或 WriteProcessMemory 请求。 (0x12B)
[0517/074122:WARNING:pe_image_reader.cc(280)] could not read dos header from C:\Program Files (x86)\360\360safe\safemon\iNetSafe.dll
[0517/074122:ERROR:process_reader_win.cc(232)] ReadMemory at 0x70ae0000 of 64 bytes failed: 仅完成部分的 ReadProcessMemory 或 WriteProcessMemory 请求。 (0x12B)
[0517/074122:WARNING:pe_image_reader.cc(280)] could not read dos header from C:\WINDOWS\SYSTEM32\WINSPOOL.DRV
[0517/074122:ERROR:process_reader_win.cc(232)] ReadMemory at 0x70ff0000 of 64 bytes failed: 仅完成部分的 ReadProcessMemory 或 WriteProcessMemory 请求。 (0x12B)
[0517/074122:WARNING:pe_image_reader.cc(280)] could not read dos header from C:\WINDOWS\WinSxS\x86_microsoft.windows.common-controls_6595b64144ccf1df_6.0.10586.0_none_d3c2e4e965da4528\COMCTL32.dll
[0517/074122:ERROR:process_reader_win.cc(232)] ReadMemory at 0x768b0000 of 64 bytes failed: 仅完成部分的 ReadProcessMemory 或 WriteProcessMemory 请求。 (0x12B)
[0517/074122:WARNING:pe_image_reader.cc(280)] could not read dos header from C:\WINDOWS\SYSTEM32\FirewallAPI.dll
[0517/074122:ERROR:process_reader_win.cc(232)] ReadMemory at 0x72710000 of 64 bytes failed: 仅完成部分的 ReadProcessMemory 或 WriteProcessMemory 请求。 (0x12B)
[0517/074122:WARNING:pe_image_reader.cc(280)] could not read dos header from C:\WINDOWS\SYSTEM32\fwbase.dll
[0517/074122:ERROR:process_reader_win.cc(232)] ReadMemory at 0x721f0000 of 64 bytes failed: 仅完成部分的 ReadProcessMemory 或 WriteProcessMemory 请求。 (0x12B)
[0517/074122:WARNING:pe_image_reader.cc(280)] could not read dos header from C:\WINDOWS\SYSTEM32\DAVHLPR.DLL
[0517/074122:ERROR:process_reader_win.cc(232)] ReadMemory at 0x767b0000 of 64 bytes failed: 仅完成部分的 ReadProcessMemory 或 WriteProcessMemory 请求。 (0x12B)
[0517/074122:WARNING:pe_image_reader.cc(280)] could not read dos header from C:\WINDOWS\SYSTEM32\COMDLG32.dll
[0517/074122:ERROR:process_reader_win.cc(232)] ReadMemory at 0x74740000 of 64 bytes failed: 仅完成部分的 ReadProcessMemory 或 WriteProcessMemory 请求。 (0x12B)
[0517/074122:WARNING:pe_image_reader.cc(280)] could not read dos header from C:\WINDOWS\SYSTEM32\IPHLPAPI.DLL
[0517/074122:ERROR:process_reader_win.cc(232)] ReadMemory at 0x6c250000 of 64 bytes failed: 仅完成部分的 ReadProcessMemory 或 WriteProcessMemory 请求。 (0x12B)
[0517/074122:WARNING:pe_image_reader.cc(280)] could not read dos header from C:\WINDOWS\SYSTEM32\USP10.dll
[0517/074122:ERROR:process_reader_win.cc(232)] ReadMemory at 0x774c0000 of 64 bytes failed: 仅完成部分的 ReadProcessMemory 或 WriteProcessMemory 请求。 (0x12B)
[0517/074122:WARNING:pe_image_reader.cc(280)] could not read dos header from C:\WINDOWS\SYSTEM32\MSASN1.dll
[0517/074122:ERROR:process_reader_win.cc(232)] ReadMemory at 0x76270000 of 64 bytes failed: 仅完成部分的 ReadProcessMemory 或 WriteProcessMemory 请求。 (0x12B)
[0517/074122:WARNING:pe_image_reader.cc(280)] could not read dos header from C:\WINDOWS\SYSTEM32\CRYPT32.dll
[0517/074122:ERROR:process_reader_win.cc(232)] ReadMemory at 0x76220000 of 64 bytes failed: 仅完成部分的 ReadProcessMemory 或 WriteProcessMemory 请求。 (0x12B)
[0517/074122:WARNING:pe_image_reader.cc(280)] could not read dos header from C:\WINDOWS\SYSTEM32\WINTRUST.dll
[0517/074122:ERROR:process_reader_win.cc(232)] ReadMemory at 0x75f70000 of 64 bytes failed: 仅完成部分的 ReadProcessMemory 或 WriteProcessMemory 请求。 (0x12B)
[0517/074122:WARNING:pe_image_reader.cc(280)] could not read dos header from C:\WINDOWS\SYSTEM32\Secur32.dll
[0517/074122:ERROR:process_reader_win.cc(232)] ReadMemory at 0x56b50000 of 64 bytes failed: 仅完成部分的 ReadProcessMemory 或 WriteProcessMemory 请求。 (0x12B)
[0517/074122:WARNING:pe_image_reader.cc(280)] could not read dos header from C:\Program Files (x86)\Google\Chrome\Application\49.0.2623.87\chrome_child.dll
[0517/074122:ERROR:process_reader_win.cc(232)] ReadMemory at 0x714b0000 of 64 bytes failed: 仅完成部分的 ReadProcessMemory 或 WriteProcessMemory 请求。 (0x12B)
[0517/074122:WARNING:pe_image_reader.cc(280)] could not read dos header from C:\Program Files (x86)\360\360safe\360verify.dll
[0517/074122:ERROR:process_reader_win.cc(232)] ReadMemory at 0x70c20000 of 64 bytes failed: 仅完成部分的 ReadProcessMemory 或 WriteProcessMemory 请求。 (0x12B)
[0517/074122:WARNING:pe_image_reader.cc(280)] could not read dos header from C:\WINDOWS\SYSTEM32\dwrite.dll
[0517/074122:ERROR:process_reader_win.cc(232)] ReadMemory at 0x143c154 of 12 bytes failed: 仅完成部分的 ReadProcessMemory 或 WriteProcessMemory 请求。 (0x12B)
[0517/074122:WARNING:process_snapshot_win.cc(89)] ReadMemory ExceptionInformation failed
[0517/074122:WARNING:crash_report_exception_handler.cc(60)] ProcessSnapshotWin::InitializeException failed
[0517/074122:ERROR:scoped_process_suspend.cc(38)] NtResumeProcess, ntstatus=-1073741558
